<?xml version="1.0" encoding="UTF-8"?>
<testsuite name="com.findmaxusinggenrics.FindMaxTest" tests="1" skipped="0" failures="0" errors="0" timestamp="2020-12-03T08:25:47" hostname="DESKTOP-S0RN8B8" time="0.007">
  <properties/>
  <testcase name="givenFirstNumberAsLarge_ShouldReturn_FirstNumberAsMax" classname="com.findmaxusinggenrics.FindMaxTest" time="0.007"/>
  <system-out><![CDATA[Maximum number is : 
Maximum is  = 200
]]></system-out>
  <system-err><![CDATA[]]></system-err>
</testsuite>
