<?xml version="1.0" encoding="UTF-8"?>
<testsuite name="com.findmaxusinggenrics.FindMaxTest" tests="12" skipped="0" failures="0" errors="0" timestamp="2020-12-04T14:27:23" hostname="DESKTOP-S0RN8B8" time="0.013">
  <properties/>
  <testcase name="givenFirstIntegerNumberAsLarge_ShouldReturn_FirstNumberAsMax" classname="com.findmaxusinggenrics.FindMaxTest" time="0.003"/>
  <testcase name="givenListOfFloats_ShouldReturn_MaxValue" classname="com.findmaxusinggenrics.FindMaxTest" time="0.0"/>
  <testcase name="givenListOfIntegers_ShouldReturn_MaxValue" classname="com.findmaxusinggenrics.FindMaxTest" time="0.001"/>
  <testcase name="givenThirdFloatNumberAsLarge_ShouldReturn_ThirdNumberAsMax" classname="com.findmaxusinggenrics.FindMaxTest" time="0.0"/>
  <testcase name="givenFirstFloatNumberAsLarge_ShouldReturn_FirstNumberAsMax" classname="com.findmaxusinggenrics.FindMaxTest" time="0.001"/>
  <testcase name="givenThirdIntegerNumberAsLarge_ShouldReturn_ThirdNumberAsMax" classname="com.findmaxusinggenrics.FindMaxTest" time="0.0"/>
  <testcase name="givenSecondIntegerNumberAsLarge_ShouldReturn_SecondNumberAsMax" classname="com.findmaxusinggenrics.FindMaxTest" time="0.0"/>
  <testcase name="givenListOfStrings_ShouldReturn_MaxValue" classname="com.findmaxusinggenrics.FindMaxTest" time="0.0"/>
  <testcase name="givenSecondFloatNumberAsLarge_ShouldReturn_SecondNumberAsMax" classname="com.findmaxusinggenrics.FindMaxTest" time="0.0"/>
  <testcase name="givenFirstStringAsLarge_ShouldReturn_FirstStringAsMax" classname="com.findmaxusinggenrics.FindMaxTest" time="0.001"/>
  <testcase name="givenSecondStringAsLarge_ShouldReturn_SecondStringAsMax" classname="com.findmaxusinggenrics.FindMaxTest" time="0.0"/>
  <testcase name="givenThirdStringAsLarge_ShouldReturn_ThirdStringAsMax" classname="com.findmaxusinggenrics.FindMaxTest" time="0.0"/>
  <system-out><![CDATA[]]></system-out>
  <system-err><![CDATA[]]></system-err>
</testsuite>
