<?xml version="1.0" encoding="UTF-8"?>
<testsuite name="com.findmaxusinggenrics.FindMaxTest" tests="1" skipped="0" failures="0" errors="0" timestamp="2020-12-03T10:24:33" hostname="DESKTOP-S0RN8B8" time="0.008">
  <properties/>
  <testcase name="givenThirdNumberAsMaximum_ShouldReturnThirdNumberAsMaximum" classname="com.findmaxusinggenrics.FindMaxTest" time="0.008"/>
  <system-out><![CDATA[Maximum number is : 
Maximum is  = 60
]]></system-out>
  <system-err><![CDATA[]]></system-err>
</testsuite>
