<?xml version="1.0" encoding="UTF-8"?>
<testsuite name="com.findmaxusinggenrics.FindMaxTest" tests="1" skipped="0" failures="0" errors="0" timestamp="2020-12-03T11:39:46" hostname="DESKTOP-S0RN8B8" time="0.025">
  <properties/>
  <testcase name="givenFirstFloatAsMaximum_ShouldReturnFirstFloatAsMaximum" classname="com.findmaxusinggenrics.FindMaxTest" time="0.025"/>
  <system-out><![CDATA[Maximum number is : 
Largest = 20.0
]]></system-out>
  <system-err><![CDATA[]]></system-err>
</testsuite>
